2019-04-11 07:33:03,773 CRIT Supervisor is running as root.  Privileges were not dropped because no user is specified in the config file.  If you intend to run as root, you can set user=root in the config file to avoid this message.
2019-04-11 07:33:03,776 INFO supervisord started with pid 1
2019-04-11 07:33:04,779 INFO spawned: 'nginx' with pid 7
2019-04-11 07:33:04,781 INFO spawned: 'php-fpm' with pid 8
2019-04-11 07:33:05,924 INFO success: nginx entered RUNNING state, process has stayed up for > than 1 seconds (startsecs)
2019-04-11 07:33:05,924 INFO success: php-fpm entered RUNNING state, process has stayed up for > than 1 seconds (startsecs)
2019-04-11 16:45:03,408 INFO exited: php-fpm (terminated by SIGHUP; not expected)
2019-04-11 16:45:03,409 INFO reaped unknown pid 13
2019-04-11 16:45:03,409 INFO reaped unknown pid 14
2019-04-11 16:45:03,409 WARN received SIGHUP indicating restart request
2019-04-11 16:45:03,409 INFO waiting for nginx to die
2019-04-11 16:45:03,411 WARN received SIGTERM indicating exit request
2019-04-12 07:41:30,944 CRIT Supervisor is running as root.  Privileges were not dropped because no user is specified in the config file.  If you intend to run as root, you can set user=root in the config file to avoid this message.
2019-04-12 07:41:31,053 INFO supervisord started with pid 1
2019-04-12 07:41:32,056 INFO spawned: 'nginx' with pid 7
2019-04-12 07:41:32,058 INFO spawned: 'php-fpm' with pid 8
2019-04-12 07:41:33,193 INFO success: nginx entered RUNNING state, process has stayed up for > than 1 seconds (startsecs)
2019-04-12 07:41:33,193 INFO success: php-fpm entered RUNNING state, process has stayed up for > than 1 seconds (startsecs)
2019-04-12 15:43:47,813 INFO reaped unknown pid 370
2019-04-12 15:43:48,674 INFO reaped unknown pid 383
2019-04-12 15:43:48,681 INFO reaped unknown pid 385
2019-04-12 15:43:48,690 INFO reaped unknown pid 387
2019-04-12 15:43:48,699 INFO reaped unknown pid 389
2019-04-12 15:43:48,704 INFO reaped unknown pid 391
2019-04-12 15:45:17,112 INFO reaped unknown pid 420
2019-04-12 15:45:17,804 INFO reaped unknown pid 433
2019-04-12 15:45:17,808 INFO reaped unknown pid 435
2019-04-12 15:45:17,814 INFO reaped unknown pid 437
2019-04-12 15:45:17,821 INFO reaped unknown pid 439
2019-04-12 15:45:17,825 INFO reaped unknown pid 441
2019-04-12 16:13:10,834 INFO reaped unknown pid 507
2019-04-12 16:13:11,648 INFO reaped unknown pid 520
2019-04-12 16:13:11,653 INFO reaped unknown pid 522
2019-04-12 16:13:11,661 INFO reaped unknown pid 524
2019-04-12 16:13:11,668 INFO reaped unknown pid 526
2019-04-12 16:13:11,672 INFO reaped unknown pid 528
2019-04-12 17:23:24,334 INFO exited: php-fpm (terminated by SIGHUP; not expected)
2019-04-12 17:23:24,335 INFO reaped unknown pid 14
2019-04-12 17:23:24,335 INFO reaped unknown pid 321
2019-04-12 17:23:24,335 INFO reaped unknown pid 474
2019-04-12 17:23:24,335 WARN received SIGHUP indicating restart request
2019-04-12 17:23:24,336 INFO waiting for nginx to die
2019-04-12 17:23:24,338 WARN received SIGTERM indicating exit request
2019-04-15 06:47:01,359 CRIT Supervisor is running as root.  Privileges were not dropped because no user is specified in the config file.  If you intend to run as root, you can set user=root in the config file to avoid this message.
2019-04-15 06:47:01,362 INFO supervisord started with pid 1
2019-04-15 06:47:02,364 INFO spawned: 'nginx' with pid 7
2019-04-15 06:47:02,366 INFO spawned: 'php-fpm' with pid 8
2019-04-15 06:47:03,972 INFO success: nginx entered RUNNING state, process has stayed up for > than 1 seconds (startsecs)
2019-04-15 06:47:03,973 INFO success: php-fpm entered RUNNING state, process has stayed up for > than 1 seconds (startsecs)
2019-04-15 07:39:26,796 WARN received SIGTERM indicating exit request
2019-04-15 07:39:26,798 INFO waiting for nginx, php-fpm to die
2019-04-15 07:39:26,801 INFO stopped: php-fpm (exit status 0)
2019-04-15 07:39:26,837 INFO stopped: nginx (exit status 0)
2019-04-15 07:58:47,512 CRIT Supervisor is running as root.  Privileges were not dropped because no user is specified in the config file.  If you intend to run as root, you can set user=root in the config file to avoid this message.
2019-04-15 07:58:47,515 INFO supervisord started with pid 1
2019-04-15 07:58:48,518 INFO spawned: 'nginx' with pid 7
2019-04-15 07:58:48,520 INFO spawned: 'php-fpm' with pid 8
2019-04-15 07:58:49,631 INFO success: nginx entered RUNNING state, process has stayed up for > than 1 seconds (startsecs)
2019-04-15 07:58:49,631 INFO success: php-fpm entered RUNNING state, process has stayed up for > than 1 seconds (startsecs)
2019-04-15 08:12:36,949 WARN received SIGTERM indicating exit request
2019-04-15 08:12:36,949 INFO waiting for nginx, php-fpm to die
2019-04-15 08:12:36,957 INFO stopped: php-fpm (exit status 0)
2019-04-15 08:12:36,998 INFO stopped: nginx (exit status 0)
2019-04-15 08:12:44,770 CRIT Supervisor is running as root.  Privileges were not dropped because no user is specified in the config file.  If you intend to run as root, you can set user=root in the config file to avoid this message.
2019-04-15 08:12:44,772 INFO supervisord started with pid 1
2019-04-15 08:12:45,775 INFO spawned: 'nginx' with pid 7
2019-04-15 08:12:45,777 INFO spawned: 'php-fpm' with pid 8
2019-04-15 08:12:46,825 INFO success: nginx entered RUNNING state, process has stayed up for > than 1 seconds (startsecs)
2019-04-15 08:12:46,825 INFO success: php-fpm entered RUNNING state, process has stayed up for > than 1 seconds (startsecs)
2019-04-15 08:22:17,258 WARN received SIGTERM indicating exit request
2019-04-15 08:22:17,258 INFO waiting for nginx, php-fpm to die
2019-04-15 08:22:17,265 INFO stopped: php-fpm (exit status 0)
2019-04-15 08:22:17,298 INFO stopped: nginx (exit status 0)
2019-04-15 08:22:22,902 CRIT Supervisor is running as root.  Privileges were not dropped because no user is specified in the config file.  If you intend to run as root, you can set user=root in the config file to avoid this message.
2019-04-15 08:22:22,903 INFO supervisord started with pid 1
2019-04-15 08:22:23,907 INFO spawned: 'nginx' with pid 7
2019-04-15 08:22:23,910 INFO spawned: 'php-fpm' with pid 8
2019-04-15 08:22:24,977 INFO success: nginx entered RUNNING state, process has stayed up for > than 1 seconds (startsecs)
2019-04-15 08:22:24,977 INFO success: php-fpm entered RUNNING state, process has stayed up for > than 1 seconds (startsecs)
2019-04-15 15:04:39,022 WARN received SIGTERM indicating exit request
2019-04-15 15:04:39,029 INFO waiting for nginx, php-fpm to die
2019-04-15 15:04:39,094 INFO stopped: php-fpm (exit status 0)
2019-04-15 15:04:39,139 INFO stopped: nginx (exit status 0)
2019-04-15 15:25:18,527 CRIT Supervisor is running as root.  Privileges were not dropped because no user is specified in the config file.  If you intend to run as root, you can set user=root in the config file to avoid this message.
2019-04-15 15:25:18,530 INFO supervisord started with pid 1
2019-04-15 15:25:19,533 INFO spawned: 'nginx' with pid 7
2019-04-15 15:25:19,535 INFO spawned: 'php-fpm' with pid 8
2019-04-15 15:25:20,658 INFO success: nginx entered RUNNING state, process has stayed up for > than 1 seconds (startsecs)
2019-04-15 15:25:20,658 INFO success: php-fpm entered RUNNING state, process has stayed up for > than 1 seconds (startsecs)
2019-04-15 15:41:03,132 WARN received SIGTERM indicating exit request
2019-04-15 15:41:03,136 INFO waiting for nginx, php-fpm to die
2019-04-15 15:41:03,201 INFO stopped: php-fpm (exit status 0)
2019-04-15 15:41:03,248 INFO stopped: nginx (exit status 0)
2019-04-15 16:06:37,303 CRIT Supervisor is running as root.  Privileges were not dropped because no user is specified in the config file.  If you intend to run as root, you can set user=root in the config file to avoid this message.
2019-04-15 16:06:37,307 INFO supervisord started with pid 1
2019-04-15 16:06:38,310 INFO spawned: 'nginx' with pid 7
2019-04-15 16:06:38,312 INFO spawned: 'php-fpm' with pid 8
2019-04-15 16:06:39,444 INFO success: nginx entered RUNNING state, process has stayed up for > than 1 seconds (startsecs)
2019-04-15 16:06:39,444 INFO success: php-fpm entered RUNNING state, process has stayed up for > than 1 seconds (startsecs)
2019-04-15 16:41:23,169 WARN received SIGTERM indicating exit request
2019-04-15 16:41:23,174 INFO waiting for nginx, php-fpm to die
2019-04-15 16:41:23,236 INFO stopped: php-fpm (exit status 0)
2019-04-15 16:41:23,300 INFO stopped: nginx (exit status 0)
2019-04-16 07:17:41,775 CRIT Supervisor is running as root.  Privileges were not dropped because no user is specified in the config file.  If you intend to run as root, you can set user=root in the config file to avoid this message.
2019-04-16 07:17:41,780 INFO supervisord started with pid 1
2019-04-16 07:17:42,782 INFO spawned: 'nginx' with pid 7
2019-04-16 07:17:42,784 INFO spawned: 'php-fpm' with pid 8
2019-04-16 07:17:43,925 INFO success: nginx entered RUNNING state, process has stayed up for > than 1 seconds (startsecs)
2019-04-16 07:17:43,925 INFO success: php-fpm entered RUNNING state, process has stayed up for > than 1 seconds (startsecs)
2019-04-16 10:44:19,515 INFO reaped unknown pid 145
2019-04-16 10:44:20,395 INFO reaped unknown pid 158
2019-04-16 10:44:20,403 INFO reaped unknown pid 160
2019-04-16 10:44:20,413 INFO reaped unknown pid 162
2019-04-16 10:44:20,424 INFO reaped unknown pid 164
2019-04-16 10:44:20,428 INFO reaped unknown pid 166
2019-04-16 10:44:49,642 INFO reaped unknown pid 197
2019-04-16 10:44:50,438 INFO reaped unknown pid 210
2019-04-16 10:44:50,442 INFO reaped unknown pid 212
2019-04-16 10:44:50,447 INFO reaped unknown pid 214
2019-04-16 10:44:50,452 INFO reaped unknown pid 216
2019-04-16 10:44:50,457 INFO reaped unknown pid 218
2019-04-16 15:39:17,506 INFO reaped unknown pid 397
2019-04-16 15:39:18,629 INFO reaped unknown pid 410
2019-04-16 15:39:18,637 INFO reaped unknown pid 412
2019-04-16 15:39:18,654 INFO reaped unknown pid 414
2019-04-16 15:39:18,667 INFO reaped unknown pid 416
2019-04-16 15:39:18,674 INFO reaped unknown pid 418
2019-04-16 15:40:14,213 INFO reaped unknown pid 447
2019-04-16 15:40:15,155 INFO reaped unknown pid 460
2019-04-16 15:40:15,165 INFO reaped unknown pid 462
2019-04-16 15:40:15,170 INFO reaped unknown pid 464
2019-04-16 15:40:15,181 INFO reaped unknown pid 466
2019-04-16 15:40:15,190 INFO reaped unknown pid 468
2019-04-16 15:47:26,418 INFO reaped unknown pid 507
2019-04-16 15:47:27,315 INFO reaped unknown pid 520
2019-04-16 15:47:27,320 INFO reaped unknown pid 522
2019-04-16 15:47:27,328 INFO reaped unknown pid 524
2019-04-16 15:47:27,337 INFO reaped unknown pid 526
2019-04-16 15:47:27,344 INFO reaped unknown pid 528
2019-04-16 15:47:45,749 INFO reaped unknown pid 558
2019-04-16 15:47:46,700 INFO reaped unknown pid 571
2019-04-16 15:47:46,710 INFO reaped unknown pid 573
2019-04-16 15:47:46,717 INFO reaped unknown pid 575
2019-04-16 15:47:46,721 INFO reaped unknown pid 577
2019-04-16 15:47:46,729 INFO reaped unknown pid 579
2019-04-16 15:48:38,603 INFO reaped unknown pid 609
2019-04-16 15:48:39,469 INFO reaped unknown pid 622
2019-04-16 15:48:39,476 INFO reaped unknown pid 624
2019-04-16 15:48:39,487 INFO reaped unknown pid 626
2019-04-16 15:48:39,492 INFO reaped unknown pid 628
2019-04-16 15:48:39,498 INFO reaped unknown pid 630
2019-04-16 16:00:34,463 WARN received SIGHUP indicating restart request
2019-04-16 16:00:34,464 INFO waiting for nginx, php-fpm to die
2019-04-16 16:00:34,466 WARN received SIGTERM indicating exit request
2019-04-16 16:00:34,469 INFO stopped: php-fpm (terminated by SIGHUP)
2019-04-16 16:00:34,470 INFO reaped unknown pid 13
2019-04-16 16:00:34,470 INFO reaped unknown pid 14
2019-04-16 16:00:34,470 INFO reaped unknown pid 34
2019-04-16 16:00:34,484 WARN received SIGHUP indicating restart request
2019-04-17 06:25:19,585 CRIT Supervisor is running as root.  Privileges were not dropped because no user is specified in the config file.  If you intend to run as root, you can set user=root in the config file to avoid this message.
2019-04-17 06:25:19,588 INFO supervisord started with pid 1
2019-04-17 06:25:20,591 INFO spawned: 'nginx' with pid 7
2019-04-17 06:25:20,593 INFO spawned: 'php-fpm' with pid 8
2019-04-17 06:25:21,730 INFO success: nginx entered RUNNING state, process has stayed up for > than 1 seconds (startsecs)
2019-04-17 06:25:21,731 INFO success: php-fpm entered RUNNING state, process has stayed up for > than 1 seconds (startsecs)
2019-04-17 07:34:36,362 INFO reaped unknown pid 39
2019-04-17 07:34:37,468 INFO reaped unknown pid 52
2019-04-17 07:34:37,473 INFO reaped unknown pid 54
2019-04-17 07:34:37,479 INFO reaped unknown pid 56
2019-04-17 07:34:37,487 INFO reaped unknown pid 58
2019-04-17 07:34:37,491 INFO reaped unknown pid 60
2019-04-17 09:09:33,674 CRIT Supervisor is running as root.  Privileges were not dropped because no user is specified in the config file.  If you intend to run as root, you can set user=root in the config file to avoid this message.
2019-04-17 09:09:33,678 INFO supervisord started with pid 1
2019-04-17 09:09:34,681 INFO spawned: 'nginx' with pid 7
2019-04-17 09:09:34,685 INFO spawned: 'php-fpm' with pid 8
2019-04-17 09:09:35,781 INFO success: nginx entered RUNNING state, process has stayed up for > than 1 seconds (startsecs)
2019-04-17 09:09:35,782 INFO success: php-fpm entered RUNNING state, process has stayed up for > than 1 seconds (startsecs)
2019-04-17 09:17:14,615 WARN received SIGTERM indicating exit request
2019-04-17 09:17:14,615 INFO waiting for nginx, php-fpm to die
2019-04-17 09:17:14,619 INFO stopped: php-fpm (exit status 0)
2019-04-17 09:17:14,662 INFO stopped: nginx (exit status 0)
2019-04-17 09:17:20,076 CRIT Supervisor is running as root.  Privileges were not dropped because no user is specified in the config file.  If you intend to run as root, you can set user=root in the config file to avoid this message.
2019-04-17 09:17:20,078 INFO supervisord started with pid 1
2019-04-17 09:17:21,081 INFO spawned: 'nginx' with pid 7
2019-04-17 09:17:21,084 INFO spawned: 'php-fpm' with pid 8
2019-04-17 09:17:22,141 INFO success: nginx entered RUNNING state, process has stayed up for > than 1 seconds (startsecs)
2019-04-17 09:17:22,141 INFO success: php-fpm entered RUNNING state, process has stayed up for > than 1 seconds (startsecs)
2019-04-17 09:24:03,508 WARN received SIGTERM indicating exit request
2019-04-17 09:24:03,514 INFO waiting for nginx, php-fpm to die
2019-04-17 09:24:04,515 INFO stopped: php-fpm (exit status 0)
2019-04-17 09:24:04,561 INFO stopped: nginx (exit status 0)
2019-04-17 09:24:09,747 CRIT Supervisor is running as root.  Privileges were not dropped because no user is specified in the config file.  If you intend to run as root, you can set user=root in the config file to avoid this message.
2019-04-17 09:24:09,749 INFO supervisord started with pid 1
2019-04-17 09:24:10,752 INFO spawned: 'nginx' with pid 8
2019-04-17 09:24:10,756 INFO spawned: 'php-fpm' with pid 9
2019-04-17 09:24:11,812 INFO success: nginx entered RUNNING state, process has stayed up for > than 1 seconds (startsecs)
2019-04-17 09:24:11,813 INFO success: php-fpm entered RUNNING state, process has stayed up for > than 1 seconds (startsecs)
2019-04-17 15:11:33,371 INFO exited: php-fpm (terminated by SIGHUP; not expected)
2019-04-18 07:19:36,091 CRIT Supervisor is running as root.  Privileges were not dropped because no user is specified in the config file.  If you intend to run as root, you can set user=root in the config file to avoid this message.
2019-04-18 07:19:36,094 INFO supervisord started with pid 1
2019-04-18 07:19:37,096 INFO spawned: 'nginx' with pid 8
2019-04-18 07:19:37,098 INFO spawned: 'php-fpm' with pid 9
2019-04-18 07:19:38,411 INFO success: nginx entered RUNNING state, process has stayed up for > than 1 seconds (startsecs)
2019-04-18 07:19:38,411 INFO success: php-fpm entered RUNNING state, process has stayed up for > than 1 seconds (startsecs)
2019-04-18 11:32:33,695 WARN received SIGTERM indicating exit request
2019-04-18 11:32:33,709 INFO waiting for nginx, php-fpm to die
2019-04-18 11:32:33,874 INFO stopped: php-fpm (exit status 0)
2019-04-18 11:32:33,948 INFO stopped: nginx (exit status 0)
2019-04-18 14:36:50,057 CRIT Supervisor is running as root.  Privileges were not dropped because no user is specified in the config file.  If you intend to run as root, you can set user=root in the config file to avoid this message.
2019-04-18 14:36:50,059 INFO supervisord started with pid 1
2019-04-18 14:36:51,063 INFO spawned: 'nginx' with pid 7
2019-04-18 14:36:51,066 INFO spawned: 'php-fpm' with pid 8
2019-04-18 14:36:52,125 INFO success: nginx entered RUNNING state, process has stayed up for > than 1 seconds (startsecs)
2019-04-18 14:36:52,125 INFO success: php-fpm entered RUNNING state, process has stayed up for > than 1 seconds (startsecs)
2019-04-18 15:19:19,550 INFO exited: php-fpm (terminated by SIGHUP; not expected)
2019-04-18 15:19:19,554 INFO reaped unknown pid 13
2019-04-18 15:19:19,554 INFO reaped unknown pid 14
2019-04-18 15:19:19,555 WARN received SIGHUP indicating restart request
2019-04-18 15:19:19,555 INFO waiting for nginx to die
2019-04-19 06:09:29,252 CRIT Supervisor is running as root.  Privileges were not dropped because no user is specified in the config file.  If you intend to run as root, you can set user=root in the config file to avoid this message.
2019-04-19 06:09:29,256 INFO supervisord started with pid 1
2019-04-19 06:09:30,258 INFO spawned: 'nginx' with pid 7
2019-04-19 06:09:30,260 INFO spawned: 'php-fpm' with pid 8
2019-04-19 06:09:31,443 INFO success: nginx entered RUNNING state, process has stayed up for > than 1 seconds (startsecs)
2019-04-19 06:09:31,443 INFO success: php-fpm entered RUNNING state, process has stayed up for > than 1 seconds (startsecs)
2019-04-19 15:42:21,866 INFO exited: php-fpm (terminated by SIGHUP; not expected)
2019-04-22 06:25:18,901 CRIT Supervisor is running as root.  Privileges were not dropped because no user is specified in the config file.  If you intend to run as root, you can set user=root in the config file to avoid this message.
2019-04-22 06:25:18,905 INFO supervisord started with pid 1
2019-04-22 06:25:19,907 INFO spawned: 'nginx' with pid 7
2019-04-22 06:25:19,909 INFO spawned: 'php-fpm' with pid 8
2019-04-22 06:25:21,122 INFO success: nginx entered RUNNING state, process has stayed up for > than 1 seconds (startsecs)
2019-04-22 06:25:21,122 INFO success: php-fpm entered RUNNING state, process has stayed up for > than 1 seconds (startsecs)
2019-04-22 15:54:36,931 INFO exited: php-fpm (terminated by SIGHUP; not expected)
2019-04-22 15:54:36,934 INFO reaped unknown pid 13
2019-04-22 15:54:36,934 INFO reaped unknown pid 14
2019-04-22 15:54:36,934 WARN received SIGHUP indicating restart request
2019-04-22 15:54:36,934 INFO waiting for nginx to die
2019-04-22 15:54:36,935 WARN received SIGTERM indicating exit request
2019-04-23 08:03:39,809 CRIT Supervisor is running as root.  Privileges were not dropped because no user is specified in the config file.  If you intend to run as root, you can set user=root in the config file to avoid this message.
2019-04-23 08:03:39,813 INFO supervisord started with pid 1
2019-04-23 08:03:40,816 INFO spawned: 'nginx' with pid 7
2019-04-23 08:03:40,818 INFO spawned: 'php-fpm' with pid 8
2019-04-23 08:03:41,972 INFO success: nginx entered RUNNING state, process has stayed up for > than 1 seconds (startsecs)
2019-04-23 08:03:41,972 INFO success: php-fpm entered RUNNING state, process has stayed up for > than 1 seconds (startsecs)
2019-04-23 12:34:32,334 WARN received SIGTERM indicating exit request
2019-04-23 12:34:32,338 INFO waiting for nginx, php-fpm to die
2019-04-23 12:34:32,400 INFO stopped: php-fpm (exit status 0)
2019-04-23 12:34:32,438 INFO stopped: nginx (exit status 0)
2019-04-23 12:35:59,552 CRIT Supervisor is running as root.  Privileges were not dropped because no user is specified in the config file.  If you intend to run as root, you can set user=root in the config file to avoid this message.
2019-04-23 12:35:59,555 INFO supervisord started with pid 1
2019-04-23 12:36:00,558 INFO spawned: 'nginx' with pid 7
2019-04-23 12:36:00,560 INFO spawned: 'php-fpm' with pid 8
2019-04-23 12:36:01,671 INFO success: nginx entered RUNNING state, process has stayed up for > than 1 seconds (startsecs)
2019-04-23 12:36:01,671 INFO success: php-fpm entered RUNNING state, process has stayed up for > than 1 seconds (startsecs)
2019-04-23 15:21:06,093 WARN received SIGTERM indicating exit request
2019-04-23 15:21:06,111 INFO waiting for nginx, php-fpm to die
2019-04-23 15:21:06,294 INFO stopped: php-fpm (exit status 0)
2019-04-23 15:21:06,363 INFO stopped: nginx (exit status 0)
2019-04-24 06:10:42,081 CRIT Supervisor is running as root.  Privileges were not dropped because no user is specified in the config file.  If you intend to run as root, you can set user=root in the config file to avoid this message.
2019-04-24 06:10:42,085 INFO supervisord started with pid 1
2019-04-24 06:10:43,087 INFO spawned: 'nginx' with pid 7
2019-04-24 06:10:43,089 INFO spawned: 'php-fpm' with pid 8
2019-04-24 06:10:44,230 INFO success: nginx entered RUNNING state, process has stayed up for > than 1 seconds (startsecs)
2019-04-24 06:10:44,230 INFO success: php-fpm entered RUNNING state, process has stayed up for > than 1 seconds (startsecs)
